  C3_Exercise_16_Load3DModel_Task3.cpp
D:\Repositories\OpenGL\3DModels\T3\OpenGL_Stuff\include\learnopengl\shader.h(55,40): warning C4101: 'e': unreferenced local variable
D:\Repositories\OpenGL\3DModels\T3\OpenGL_Stuff\include\learnopengl\mesh.h(84,1): warning C4267: 'argument': conversion from 'size_t' to 'GLsizei', possible loss of data
D:\Repositories\OpenGL\3DModels\T3\OpenGL\C3_Exercise_16_Load3DModel_Task3.cpp(104,28): warning C4244: 'initializing': conversion from 'double' to 'float', possible loss of data
D:\Repositories\OpenGL\3DModels\T3\OpenGL\C3_Exercise_16_Load3DModel_Task3.cpp(178,17): warning C4244: '=': conversion from 'double' to 'float', possible loss of data
D:\Repositories\OpenGL\3DModels\T3\OpenGL\C3_Exercise_16_Load3DModel_Task3.cpp(179,17): warning C4244: '=': conversion from 'double' to 'float', possible loss of data
D:\Repositories\OpenGL\3DModels\T3\OpenGL\C3_Exercise_16_Load3DModel_Task3.cpp(183,19): warning C4244: 'initializing': conversion from 'double' to 'float', possible loss of data
D:\Repositories\OpenGL\3DModels\T3\OpenGL\C3_Exercise_16_Load3DModel_Task3.cpp(184,19): warning C4244: 'initializing': conversion from 'double' to 'float', possible loss of data
D:\Repositories\OpenGL\3DModels\T3\OpenGL\C3_Exercise_16_Load3DModel_Task3.cpp(186,13): warning C4244: '=': conversion from 'double' to 'float', possible loss of data
D:\Repositories\OpenGL\3DModels\T3\OpenGL\C3_Exercise_16_Load3DModel_Task3.cpp(187,13): warning C4244: '=': conversion from 'double' to 'float', possible loss of data
D:\Repositories\OpenGL\3DModels\T3\OpenGL\C3_Exercise_16_Load3DModel_Task3.cpp(196,31): warning C4244: 'argument': conversion from 'double' to 'float', possible loss of data
  glad.c
glfw3.lib(context.obj) : warning LNK4099: PDB 'glfw3.pdb' was not found with 'glfw3.lib(context.obj)' or at 'D:\Repositories\OpenGL\3DModels\T3\x64\Debug\glfw3.pdb'; linking object as if no debug info
glfw3.lib(init.obj) : warning LNK4099: PDB 'glfw3.pdb' was not found with 'glfw3.lib(init.obj)' or at 'D:\Repositories\OpenGL\3DModels\T3\x64\Debug\glfw3.pdb'; linking object as if no debug info
glfw3.lib(input.obj) : warning LNK4099: PDB 'glfw3.pdb' was not found with 'glfw3.lib(input.obj)' or at 'D:\Repositories\OpenGL\3DModels\T3\x64\Debug\glfw3.pdb'; linking object as if no debug info
glfw3.lib(monitor.obj) : warning LNK4099: PDB 'glfw3.pdb' was not found with 'glfw3.lib(monitor.obj)' or at 'D:\Repositories\OpenGL\3DModels\T3\x64\Debug\glfw3.pdb'; linking object as if no debug info
glfw3.lib(vulkan.obj) : warning LNK4099: PDB 'glfw3.pdb' was not found with 'glfw3.lib(vulkan.obj)' or at 'D:\Repositories\OpenGL\3DModels\T3\x64\Debug\glfw3.pdb'; linking object as if no debug info
glfw3.lib(window.obj) : warning LNK4099: PDB 'glfw3.pdb' was not found with 'glfw3.lib(window.obj)' or at 'D:\Repositories\OpenGL\3DModels\T3\x64\Debug\glfw3.pdb'; linking object as if no debug info
glfw3.lib(win32_init.obj) : warning LNK4099: PDB 'glfw3.pdb' was not found with 'glfw3.lib(win32_init.obj)' or at 'D:\Repositories\OpenGL\3DModels\T3\x64\Debug\glfw3.pdb'; linking object as if no debug info
glfw3.lib(win32_joystick.obj) : warning LNK4099: PDB 'glfw3.pdb' was not found with 'glfw3.lib(win32_joystick.obj)' or at 'D:\Repositories\OpenGL\3DModels\T3\x64\Debug\glfw3.pdb'; linking object as if no debug info
glfw3.lib(win32_monitor.obj) : warning LNK4099: PDB 'glfw3.pdb' was not found with 'glfw3.lib(win32_monitor.obj)' or at 'D:\Repositories\OpenGL\3DModels\T3\x64\Debug\glfw3.pdb'; linking object as if no debug info
glfw3.lib(win32_time.obj) : warning LNK4099: PDB 'glfw3.pdb' was not found with 'glfw3.lib(win32_time.obj)' or at 'D:\Repositories\OpenGL\3DModels\T3\x64\Debug\glfw3.pdb'; linking object as if no debug info
glfw3.lib(win32_thread.obj) : warning LNK4099: PDB 'glfw3.pdb' was not found with 'glfw3.lib(win32_thread.obj)' or at 'D:\Repositories\OpenGL\3DModels\T3\x64\Debug\glfw3.pdb'; linking object as if no debug info
glfw3.lib(win32_window.obj) : warning LNK4099: PDB 'glfw3.pdb' was not found with 'glfw3.lib(win32_window.obj)' or at 'D:\Repositories\OpenGL\3DModels\T3\x64\Debug\glfw3.pdb'; linking object as if no debug info
glfw3.lib(wgl_context.obj) : warning LNK4099: PDB 'glfw3.pdb' was not found with 'glfw3.lib(wgl_context.obj)' or at 'D:\Repositories\OpenGL\3DModels\T3\x64\Debug\glfw3.pdb'; linking object as if no debug info
glfw3.lib(egl_context.obj) : warning LNK4099: PDB 'glfw3.pdb' was not found with 'glfw3.lib(egl_context.obj)' or at 'D:\Repositories\OpenGL\3DModels\T3\x64\Debug\glfw3.pdb'; linking object as if no debug info
glfw3.lib(osmesa_context.obj) : warning LNK4099: PDB 'glfw3.pdb' was not found with 'glfw3.lib(osmesa_context.obj)' or at 'D:\Repositories\OpenGL\3DModels\T3\x64\Debug\glfw3.pdb'; linking object as if no debug info
  OpenGL.vcxproj -> D:\Repositories\OpenGL\3DModels\T3\x64\Debug\OpenGL.exe
