d:\repositories\opengl\p4\opengl\x64\debug\vc142.pdb
d:\repositories\opengl\p4\opengl\x64\debug\vc142.idb
d:\repositories\opengl\p4\opengl\x64\debug\glad.obj
d:\repositories\opengl\p4\opengl\x64\debug\b1p4_cristian_bastidas_code.obj
d:\repositories\opengl\textures sample\opengl\x64\debug\vc142.pdb
d:\repositories\opengl\textures sample\opengl\x64\debug\vc142.idb
d:\repositories\opengl\textures sample\opengl\x64\debug\c2_exercise_8_texureintro.obj
d:\repositories\opengl\textures sample\opengl\x64\debug\glad.obj
d:\repositories\opengl\transformations\t1\opengl\x64\debug\vc142.pdb
d:\repositories\opengl\transformations\t1\opengl\x64\debug\vc142.idb
d:\repositories\opengl\transformations\t1\opengl\x64\debug\c2_exercise_10_t2d_task1.obj
d:\repositories\opengl\transformations\t1\opengl\x64\debug\glad.obj
d:\repositories\opengl\p4\x64\debug\opengl.exe
d:\repositories\opengl\p4\opengl\x64\debug\opengl.ilk
d:\repositories\opengl\p4\x64\debug\opengl.pdb
d:\repositories\opengl\textures sample\x64\debug\opengl.exe
d:\repositories\opengl\textures sample\opengl\x64\debug\opengl.ilk
d:\repositories\opengl\textures sample\x64\debug\opengl.pdb
d:\repositories\opengl\transformations\t1\x64\debug\opengl.exe
d:\repositories\opengl\transformations\t1\opengl\x64\debug\opengl.ilk
d:\repositories\opengl\transformations\t1\x64\debug\opengl.pdb
d:\repositories\opengl\transformations\t1\opengl\x64\debug\b1p2_g8_cristian_bastidas_code.obj
d:\repositories\opengl\transformations\t1\opengl\x64\debug\b1p3_cristian_bastidas_code.obj
d:\repositories\opengl\transformations\t1\opengl\x64\debug\b1p4_cristian_bastidas_code.obj
d:\repositories\opengl\transformations\t1\opengl\x64\debug\c2_exercise_8_texureintro.obj
d:\repositories\opengl\transformations\t1\opengl\x64\debug\deber.obj
d:\repositories\opengl\transformations\t1\opengl\x64\debug\ebo_sample.obj
d:\repositories\opengl\transformations\t1\opengl\x64\debug\ejercicios_14_12.obj
d:\repositories\opengl\transformations\t1\opengl\x64\debug\p1_e1_blackwindow.obj
d:\repositories\opengl\transformations\t1\opengl\x64\debug\b1p4_cristian_bastidas_code.obj.enc
d:\repositories\opengl\transformations\t1\opengl\x64\debug\deber.obj.enc
d:\repositories\opengl\transformations\t1\opengl\x64\debug\opengl.tlog\cl.command.1.tlog
d:\repositories\opengl\transformations\t1\opengl\x64\debug\opengl.tlog\cl.read.1.tlog
d:\repositories\opengl\transformations\t1\opengl\x64\debug\opengl.tlog\cl.write.1.tlog
d:\repositories\opengl\transformations\t1\opengl\x64\debug\opengl.tlog\link.command.1.tlog
d:\repositories\opengl\transformations\t1\opengl\x64\debug\opengl.tlog\link.read.1.tlog
d:\repositories\opengl\transformations\t1\opengl\x64\debug\opengl.tlog\link.write.1.tlog
